[2022-07-17T16:10:17.615] [INFO] notif - controller : {
  "eventType": "payment",
  "data": {
    "payer": {
      "dateOfBirth": "06/12/1978",
      "email": "rom@gmail.com",
      "address": "56 rue théodore honoré",
      "city": "Nogent sur marne",
      "zipCode": "94130",
      "country": "France",
      "company": "",
      "firstName": "Romain",
      "lastName": "TAILLANDIER"
    },
    "order": {
      "id": 123,
      "date": "10/10/2022",
      "formSlug": "FuckingSlug",
      "formType": "Membership",
      "organizationName": "GEST",
      "organizationSlug": "gest"
    },
    "items": [
      {
        "shareAmount": 123,
        "shareItemAmount": 123,
        "shareOptionsAmount": 123,
        "id": 123,
        "amount": 123,
        "initialAMount": 123,
        "state": "Processed"
      }
    ],
    "cashoutDate": "10/10/2022",
    "cashoutState": "Unknown",
    "paymentReceiptUrl": "http://somewhere.com",
    "fiscalReceiptUrl": "http://somewhere.com",
    "id": 123,
    "amout": 123,
    "amountTip": 123,
    "date": "10/10/2022",
    "paymentMeans": "Card",
    "state": "Authorized",
    "type": "Credit"
  }
}
[2022-07-17T16:10:17.617] [INFO] notif - service : undefined
[2022-07-17T16:12:00.474] [INFO] notif - controller : {
  "eventType": "payment",
  "data": {
    "payer": {
      "dateOfBirth": "06/12/1978",
      "email": "rom@gmail.com",
      "address": "56 rue théodore honoré",
      "city": "Nogent sur marne",
      "zipCode": "94130",
      "country": "France",
      "company": "",
      "firstName": "Romain",
      "lastName": "TAILLANDIER"
    },
    "order": {
      "id": 123,
      "date": "10/10/2022",
      "formSlug": "FuckingSlug",
      "formType": "Membership",
      "organizationName": "GEST",
      "organizationSlug": "gest"
    },
    "items": [
      {
        "shareAmount": 123,
        "shareItemAmount": 123,
        "shareOptionsAmount": 123,
        "id": 123,
        "amount": 123,
        "initialAMount": 123,
        "state": "Processed"
      }
    ],
    "cashoutDate": "10/10/2022",
    "cashoutState": "Unknown",
    "paymentReceiptUrl": "http://somewhere.com",
    "fiscalReceiptUrl": "http://somewhere.com",
    "id": 123,
    "amout": 123,
    "amountTip": 123,
    "date": "10/10/2022",
    "paymentMeans": "Card",
    "state": "Authorized",
    "type": "Credit"
  }
}
[2022-07-17T16:12:00.477] [INFO] notif - service : undefined
