[2022-07-13T00:28:37.352] [ERROR] default - memberController.search Caught in CATCHER
[2022-07-13T00:28:37.352] [DEBUG] default -     body = {}
[2022-07-13T00:28:37.352] [ERROR] default -     Fail with typeof(Error) Error: No access, refresh token, API key or refresh handler callback is set.
[2022-07-13T00:36:41.352] [ERROR] default - memberController.search Caught in CATCHER
[2022-07-13T00:36:41.352] [DEBUG] default -     body = {}
[2022-07-13T00:36:41.352] [ERROR] default -     Fail with typeof(Error) Error: No access, refresh token, API key or refresh handler callback is set.
[2022-07-13T00:43:19.867] [ERROR] default - memberController.search Caught in CATCHER
[2022-07-13T00:43:19.867] [DEBUG] default -     body = {}
[2022-07-13T00:43:19.867] [ERROR] default -     Fail with typeof(Error) Error: No access, refresh token, API key or refresh handler callback is set.
[2022-07-13T00:49:09.088] [ERROR] default - memberController.search Caught in CATCHER
[2022-07-13T00:49:09.088] [DEBUG] default -     body = {}
[2022-07-13T00:49:09.088] [ERROR] default -     Fail with typeof(Error) Error: No access, refresh token, API key or refresh handler callback is set.
[2022-07-13T00:49:16.901] [ERROR] default - memberController.search Caught in CATCHER
[2022-07-13T00:49:16.901] [DEBUG] default -     body = {}
[2022-07-13T00:49:16.901] [ERROR] default -     Fail with typeof(Error) Error: No access, refresh token, API key or refresh handler callback is set.
[2022-07-13T00:50:21.991] [ERROR] default - memberController.search Caught in CATCHER
[2022-07-13T00:50:21.991] [DEBUG] default -     body = {}
[2022-07-13T00:50:21.991] [ERROR] default -     Fail with typeof(Error) Error: No access, refresh token, API key or refresh handler callback is set.
[2022-07-13T00:50:41.249] [ERROR] default - memberController.search Caught in CATCHER
[2022-07-13T00:50:41.249] [DEBUG] default -     body = {}
[2022-07-13T00:50:41.249] [ERROR] default -     Fail with typeof(Error) Error: No access, refresh token, API key or refresh handler callback is set.
[2022-07-13T00:52:14.989] [ERROR] default - memberController.search Caught in CATCHER
[2022-07-13T00:52:14.992] [DEBUG] default -     body = {}
[2022-07-13T00:52:14.992] [ERROR] default -     Fail with typeof(ErrorBody) {
  "statusCode": 401,
  "error": "Unauthorized",
  "errorId": "errors.unauthorized",
  "message": "Vous n'êtes pas autorisés à effectuer cette action",
  "details": {
    "message": "Authorize this app by visiting this url:https://accounts.google.com/o/oauth2/v2/auth?access_type=offline&scope=https%3A%2F%2Fwww.googleapis.com%2Fauth%2Fspreadsheets&response_type=code&client_id=383597878242-gfskb8qdlvf0ois1h8acd0m20g61th16.apps.googleusercontent.com&redirect_uri=https%3A%2F%2Fgest77-api.herokuapp.com%2Fredirect"
  }
}
[2022-07-13T00:54:32.786] [ERROR] default - memberController.search Caught in CATCHER
[2022-07-13T00:54:32.787] [DEBUG] default -     body = {}
[2022-07-13T00:54:32.787] [ERROR] default -     Fail with typeof(ErrorBody) {
  "statusCode": 401,
  "error": "Unauthorized",
  "errorId": "errors.unauthorized",
  "message": "Vous n'êtes pas autorisés à effectuer cette action",
  "details": {
    "message": "Authorize this app by visiting this url:https://accounts.google.com/o/oauth2/v2/auth?access_type=offline&scope=https%3A%2F%2Fwww.googleapis.com%2Fauth%2Fspreadsheets&response_type=code&client_id=383597878242-gfskb8qdlvf0ois1h8acd0m20g61th16.apps.googleusercontent.com&redirect_uri=https%3A%2F%2Fgest77-api.herokuapp.com%2Fredirect"
  }
}
[2022-07-13T00:54:35.343] [ERROR] default - memberController.search Caught in CATCHER
[2022-07-13T00:54:35.343] [DEBUG] default -     body = {}
[2022-07-13T00:54:35.343] [ERROR] default -     Fail with typeof(ErrorBody) {
  "statusCode": 401,
  "error": "Unauthorized",
  "errorId": "errors.unauthorized",
  "message": "Vous n'êtes pas autorisés à effectuer cette action",
  "details": {
    "message": "Authorize this app by visiting this url:https://accounts.google.com/o/oauth2/v2/auth?access_type=offline&scope=https%3A%2F%2Fwww.googleapis.com%2Fauth%2Fspreadsheets&response_type=code&client_id=383597878242-gfskb8qdlvf0ois1h8acd0m20g61th16.apps.googleusercontent.com&redirect_uri=https%3A%2F%2Fgest77-api.herokuapp.com%2Fredirect"
  }
}
[2022-07-13T00:56:34.118] [ERROR] default - memberController.search Caught in CATCHER
[2022-07-13T00:56:34.122] [DEBUG] default -     body = {}
[2022-07-13T00:56:34.122] [ERROR] default -     Fail with typeof(ErrorBody) {
  "statusCode": 401,
  "error": "Unauthorized",
  "errorId": "errors.unauthorized",
  "message": "Vous n'êtes pas autorisés à effectuer cette action",
  "details": {
    "message": "Authorize this app by visiting this url",
    "url": "https://accounts.google.com/o/oauth2/v2/auth?access_type=offline&scope=https%3A%2F%2Fwww.googleapis.com%2Fauth%2Fspreadsheets&response_type=code&client_id=383597878242-gfskb8qdlvf0ois1h8acd0m20g61th16.apps.googleusercontent.com&redirect_uri=https%3A%2F%2Fgest77-api.herokuapp.com%2Fredirect"
  }
}
[2022-07-13T00:58:11.661] [ERROR] default - memberController.search Caught in CATCHER
[2022-07-13T00:58:11.663] [DEBUG] default -     body = {}
[2022-07-13T00:58:11.663] [ERROR] default -     Fail with typeof(ErrorBody) {
  "statusCode": 401,
  "error": "Unauthorized",
  "errorId": "errors.unauthorized",
  "message": "Vous n'êtes pas autorisés à effectuer cette action",
  "details": {
    "message": "Authorize this app by visiting this url",
    "url": "https://accounts.google.com/o/oauth2/v2/auth?access_type=offline&scope=https%3A%2F%2Fwww.googleapis.com%2Fauth%2Fspreadsheets&response_type=code&client_id=383597878242-gfskb8qdlvf0ois1h8acd0m20g61th16.apps.googleusercontent.com&redirect_uri=https%3A%2F%2Fgest77-api.herokuapp.com%2Fgoogle%2Fredirect"
  }
}
